<?xml version="1.0" encoding="UTF-8"?>
<testsuite xmlns:xsi="http://www.w3.org/2001/XMLSchema-instance" xsi:noNamespaceSchemaLocation="https://maven.apache.org/surefire/maven-surefire-plugin/xsd/surefire-test-report.xsd" version="3.0.2" name="cl.bch.technique.test.controllers.TestClienteController" time="0.392" tests="7" errors="0" skipped="0" failures="0">
  <properties>
[...]
</properties>
  <testcase name="testConsultaClienteConTokenValido" classname="cl.bch.technique.test.controllers.TestClienteController" time="0.343"/>
  <testcase name="testObtenerLoginResponseConErrorJWT" classname="cl.bch.technique.test.controllers.TestClienteController" time="0.015"/>
  <testcase name="testGuardarClienteConErrorJWT" classname="cl.bch.technique.test.controllers.TestClienteController" time="0.005"/>
  <testcase name="testObtenerLoginResponseConErrorDeContrasena" classname="cl.bch.technique.test.controllers.TestClienteController" time="0.005"/>
  <testcase name="testConsultaClienteConTokenInvalido" classname="cl.bch.technique.test.controllers.TestClienteController" time="0.004"/>
  <testcase name="testGuardarClienteExitoso" classname="cl.bch.technique.test.controllers.TestClienteController" time="0.006"/>
  <testcase name="testObtenerLoginResponseExitoso" classname="cl.bch.technique.test.controllers.TestClienteController" time="0.005"/>
</testsuite>